# JRE version: Java(TM) SE Runtime Environment (20.0.2+9) (build 20.0.2+9-78)
# Java VM: Java HotSpot(TM) 64-Bit Server VM (20.0.2+9-78, mixed mode, sharing, tiered, compressed oops, compressed class ptrs, g1 gc, windows-amd64)
GC Precious Log:
 CardTable entry size: 512
 Card Set container configuration: InlinePtr #cards 5 size 8 Array Of Cards #cards 12 size 40 Howl #buckets 4 coarsen threshold 1843 Howl Bitmap #cards 512 size 80 coarsen threshold 460 Card regions per heap region 1 cards per card region 2048
 CPUs: 8 total, 8 available
 Memory: 6030M
 Large Page Support: Disabled
 NUMA Support: Disabled
 Compressed Oops: Enabled (32-bit)
 Heap Region Size: 1M
 Heap Min Capacity: 8M
 Heap Initial Capacity: 96M
 Heap Max Capacity: 2G
 Pre-touch: Disabled
 Parallel Workers: 8
 Concurrent Workers: 2
 Concurrent Refinement Workers: 8
 Periodic GC: Disabled
Heap:
 garbage-first heap   total 111616K, used 73518K [0x0000000080000000, 0x0000000100000000)
  region size 1024K, 10 young (10240K), 5 survivors (5120K)
 Metaspace       used 70580K, committed 72640K, reserved 487424K
  class space    used 9870K, committed 10880K, reserved 421888K
GC Heap History (20 events):
Event: 54.948 GC heap before
{Heap before GC invocations=10 (full 0):
 garbage-first heap   total 89088K, used 78055K [0x0000000080000000, 0x0000000100000000)
  region size 1024K, 45 young (46080K), 5 survivors (5120K)
 Metaspace       used 42496K, committed 43968K, reserved 487424K
  class space    used 5932K, committed 6656K, reserved 421888K
}
Event: 54.977 GC heap after
{Heap after GC invocations=11 (full 0):
 garbage-first heap   total 89088K, used 37061K [0x0000000080000000, 0x0000000100000000)
  region size 1024K, 3 young (3072K), 3 survivors (3072K)
 Metaspace       used 42496K, committed 43968K, reserved 487424K
  class space    used 5932K, committed 6656K, reserved 421888K
}
Event: 58.057 GC heap before
{Heap before GC invocations=11 (full 0):
 garbage-first heap   total 89088K, used 76997K [0x0000000080000000, 0x0000000100000000)
  region size 1024K, 42 young (43008K), 3 survivors (3072K)
 Metaspace       used 47086K, committed 48832K, reserved 487424K
  class space    used 6681K, committed 7552K, reserved 421888K
}
Event: 58.068 GC heap after
{Heap after GC invocations=12 (full 0):
 garbage-first heap   total 89088K, used 39939K [0x0000000080000000, 0x0000000100000000)
  region size 1024K, 6 young (6144K), 6 survivors (6144K)
 Metaspace       used 47086K, committed 48832K, reserved 487424K
  class space    used 6681K, committed 7552K, reserved 421888K
}
Event: 60.132 GC heap before
{Heap before GC invocations=12 (full 0):
 garbage-first heap   total 89088K, used 72707K [0x0000000080000000, 0x0000000100000000)
  region size 1024K, 35 young (35840K), 6 survivors (6144K)
 Metaspace       used 49875K, committed 51648K, reserved 487424K
  class space    used 7086K, committed 7936K, reserved 421888K
}
Event: 60.146 GC heap after
{Heap after GC invocations=13 (full 0):
 garbage-first heap   total 89088K, used 46880K [0x0000000080000000, 0x0000000100000000)
  region size 1024K, 6 young (6144K), 6 survivors (6144K)
 Metaspace       used 49875K, committed 51648K, reserved 487424K
  class space    used 7086K, committed 7936K, reserved 421888K
}
Event: 62.405 GC heap before
{Heap before GC invocations=14 (full 0):
 garbage-first heap   total 89088K, used 81696K [0x0000000080000000, 0x0000000100000000)
  region size 1024K, 36 young (36864K), 6 survivors (6144K)
 Metaspace       used 53401K, committed 55232K, reserved 487424K
  class space    used 7524K, committed 8384K, reserved 421888K
}
Event: 62.418 GC heap after
{Heap after GC invocations=15 (full 0):
 garbage-first heap   total 91136K, used 53181K [0x0000000080000000, 0x0000000100000000)
  region size 1024K, 3 young (3072K), 3 survivors (3072K)
 Metaspace       used 53401K, committed 55232K, reserved 487424K
  class space    used 7524K, committed 8384K, reserved 421888K
}
Event: 64.119 GC heap before
{Heap before GC invocations=15 (full 0):
 garbage-first heap   total 91136K, used 85949K [0x0000000080000000, 0x0000000100000000)
  region size 1024K, 31 young (31744K), 3 survivors (3072K)
 Metaspace       used 56257K, committed 58240K, reserved 487424K
  class space    used 7992K, committed 8960K, reserved 421888K
}
Event: 64.129 GC heap after
{Heap after GC invocations=16 (full 0):
 garbage-first heap   total 92160K, used 59033K [0x0000000080000000, 0x0000000100000000)
  region size 1024K, 2 young (2048K), 2 survivors (2048K)
 Metaspace       used 56257K, committed 58240K, reserved 487424K
  class space    used 7992K, committed 8960K, reserved 421888K
}
Event: 65.385 GC heap before
{Heap before GC invocations=16 (full 0):
 garbage-first heap   total 92160K, used 84633K [0x0000000080000000, 0x0000000100000000)
  region size 1024K, 27 young (27648K), 2 survivors (2048K)
 Metaspace       used 58092K, committed 60096K, reserved 487424K
  class space    used 8235K, committed 9216K, reserved 421888K
}
Event: 65.392 GC heap after
{Heap after GC invocations=17 (full 0):
 garbage-first heap   total 92160K, used 59518K [0x0000000080000000, 0x0000000100000000)
  region size 1024K, 3 young (3072K), 3 survivors (3072K)
 Metaspace       used 58092K, committed 60096K, reserved 487424K
  class space    used 8235K, committed 9216K, reserved 421888K
}
Event: 66.454 GC heap before
{Heap before GC invocations=18 (full 0):
 garbage-first heap   total 106496K, used 82046K [0x0000000080000000, 0x0000000100000000)
  region size 1024K, 25 young (25600K), 3 survivors (3072K)
 Metaspace       used 60543K, committed 62528K, reserved 487424K
  class space    used 8583K, committed 9600K, reserved 421888K
}
Event: 66.461 GC heap after
{Heap after GC invocations=19 (full 0):
 garbage-first heap   total 106496K, used 60607K [0x0000000080000000, 0x0000000100000000)
  region size 1024K, 2 young (2048K), 2 survivors (2048K)
 Metaspace       used 60543K, committed 62528K, reserved 487424K
  class space    used 8583K, committed 9600K, reserved 421888K
}
Event: 67.890 GC heap before
{Heap before GC invocations=19 (full 0):
 garbage-first heap   total 106496K, used 94399K [0x0000000080000000, 0x0000000100000000)
  region size 1024K, 36 young (36864K), 2 survivors (2048K)
 Metaspace       used 63722K, committed 65728K, reserved 487424K
  class space    used 9008K, committed 9984K, reserved 421888K
}
Event: 67.896 GC heap after
{Heap after GC invocations=20 (full 0):
 garbage-first heap   total 106496K, used 62800K [0x0000000080000000, 0x0000000100000000)
  region size 1024K, 5 young (5120K), 5 survivors (5120K)
 Metaspace       used 63722K, committed 65728K, reserved 487424K
  class space    used 9008K, committed 9984K, reserved 421888K
}
Event: 69.389 GC heap before
{Heap before GC invocations=20 (full 0):
 garbage-first heap   total 106496K, used 93520K [0x0000000080000000, 0x0000000100000000)
  region size 1024K, 35 young (35840K), 5 survivors (5120K)
 Metaspace       used 65591K, committed 67648K, reserved 487424K
  class space    used 9294K, committed 10304K, reserved 421888K
}
Event: 69.399 GC heap after
{Heap after GC invocations=21 (full 0):
 garbage-first heap   total 106496K, used 64469K [0x0000000080000000, 0x0000000100000000)
  region size 1024K, 4 young (4096K), 4 survivors (4096K)
 Metaspace       used 65591K, committed 67648K, reserved 487424K
  class space    used 9294K, committed 10304K, reserved 421888K
}
Event: 78.357 GC heap before
{Heap before GC invocations=22 (full 0):
 garbage-first heap   total 111616K, used 95189K [0x0000000080000000, 0x0000000100000000)
  region size 1024K, 35 young (35840K), 4 survivors (4096K)
 Metaspace       used 69125K, committed 71104K, reserved 487424K
  class space    used 9725K, committed 10688K, reserved 421888K
}
Event: 78.372 GC heap after
{Heap after GC invocations=23 (full 0):
 garbage-first heap   total 111616K, used 69422K [0x0000000080000000, 0x0000000100000000)
  region size 1024K, 5 young (5120K), 5 survivors (5120K)
 Metaspace       used 69125K, committed 71104K, reserved 487424K
  class space    used 9725K, committed 10688K, reserved 421888K
}

